ERROR - 2023-09-28 15:53:41 --> mysqli_sql_exception: Cannot add or update a child row: a foreign key constraint fails (`ecommerce_db`.`products`, CONSTRAINT `products_ibfk_1` FOREIGN KEY (`category_id`) REFERENCES `categories` (`category_id`)) in C:\laragon\www\Moreno_3f3ecommerce\system\Database\MySQLi\Connection.php:306
Stack trace:
#0 C:\laragon\www\Moreno_3f3ecommerce\system\Database\MySQLi\Connection.php(306): mysqli->query('INSERT INTO `pr...', 0)
#1 C:\laragon\www\Moreno_3f3ecommerce\system\Database\BaseConnection.php(692): CodeIgniter\Database\MySQLi\Connection->execute('INSERT INTO `pr...')
#2 C:\laragon\www\Moreno_3f3ecommerce\system\Database\BaseConnection.php(606): CodeIgniter\Database\BaseConnection->simpleQuery('INSERT INTO `pr...')
#3 C:\laragon\www\Moreno_3f3ecommerce\system\Database\BaseBuilder.php(2308): CodeIgniter\Database\BaseConnection->query('INSERT INTO `pr...', Array, false)
#4 C:\laragon\www\Moreno_3f3ecommerce\system\Model.php(319): CodeIgniter\Database\BaseBuilder->insert()
#5 C:\laragon\www\Moreno_3f3ecommerce\system\BaseModel.php(788): CodeIgniter\Model->doInsert(Array)
#6 C:\laragon\www\Moreno_3f3ecommerce\system\Model.php(715): CodeIgniter\BaseModel->insert(Array, true)
#7 C:\laragon\www\Moreno_3f3ecommerce\app\Controllers\AdminsController.php(54): CodeIgniter\Model->insert(Array)
#8 C:\laragon\www\Moreno_3f3ecommerce\system\CodeIgniter.php(919): App\Controllers\AdminsController->insertProduct()
#9 C:\laragon\www\Moreno_3f3ecommerce\system\CodeIgniter.php(494): CodeIgniter\CodeIgniter->runController(Object(App\Controllers\AdminsController))
#10 C:\laragon\www\Moreno_3f3ecommerce\system\CodeIgniter.php(353): CodeIgniter\CodeIgniter->handleRequest(NULL, Object(Config\Cache), false)
#11 C:\laragon\www\Moreno_3f3ecommerce\public\index.php(79): CodeIgniter\CodeIgniter->run()
#12 C:\laragon\www\Moreno_3f3ecommerce\system\Commands\Server\rewrite.php(47): require_once('C:\\laragon\\www\\...')
#13 {main}
CRITICAL - 2023-09-28 15:53:41 --> Cannot add or update a child row: a foreign key constraint fails (`ecommerce_db`.`products`, CONSTRAINT `products_ibfk_1` FOREIGN KEY (`category_id`) REFERENCES `categories` (`category_id`))
in SYSTEMPATH\Database\BaseConnection.php on line 646.
 1 SYSTEMPATH\Database\BaseBuilder.php(2308): CodeIgniter\Database\BaseConnection->query('INSERT INTO `products` (`product_name`, `category_id`, `gender`, `price`, `description`, `stock_quantity`, `image_url`) VALUES (:product_name:, :category_id:, :gender:, :price:, :description:, :stock_quantity:, :image_url:)', [...], false)
 2 SYSTEMPATH\Model.php(319): CodeIgniter\Database\BaseBuilder->insert()
 3 SYSTEMPATH\BaseModel.php(788): CodeIgniter\Model->doInsert([...])
 4 SYSTEMPATH\Model.php(715): CodeIgniter\BaseModel->insert([...], true)
 5 APPPATH\Controllers\AdminsController.php(54): CodeIgniter\Model->insert([...])
 6 SYSTEMPATH\CodeIgniter.php(919): App\Controllers\AdminsController->insertProduct()
 7 SYSTEMPATH\CodeIgniter.php(494): CodeIgniter\CodeIgniter->runController(Object(App\Controllers\AdminsController))
 8 SYSTEMPATH\CodeIgniter.php(353): CodeIgniter\CodeIgniter->handleRequest(null, Object(Config\Cache), false)
 9 FCPATH\index.php(79): CodeIgniter\CodeIgniter->run()
10 SYSTEMPATH\Commands\Server\rewrite.php(47): require_once('C:\\laragon\\www\\Moreno_3f3ecommerce\\public\\index.php')
ERROR - 2023-09-28 15:55:11 --> mysqli_sql_exception: Cannot add or update a child row: a foreign key constraint fails (`ecommerce_db`.`products`, CONSTRAINT `products_ibfk_1` FOREIGN KEY (`category_id`) REFERENCES `categories` (`category_id`)) in C:\laragon\www\Moreno_3f3ecommerce\system\Database\MySQLi\Connection.php:306
Stack trace:
#0 C:\laragon\www\Moreno_3f3ecommerce\system\Database\MySQLi\Connection.php(306): mysqli->query('INSERT INTO `pr...', 0)
#1 C:\laragon\www\Moreno_3f3ecommerce\system\Database\BaseConnection.php(692): CodeIgniter\Database\MySQLi\Connection->execute('INSERT INTO `pr...')
#2 C:\laragon\www\Moreno_3f3ecommerce\system\Database\BaseConnection.php(606): CodeIgniter\Database\BaseConnection->simpleQuery('INSERT INTO `pr...')
#3 C:\laragon\www\Moreno_3f3ecommerce\system\Database\BaseBuilder.php(2308): CodeIgniter\Database\BaseConnection->query('INSERT INTO `pr...', Array, false)
#4 C:\laragon\www\Moreno_3f3ecommerce\system\Model.php(319): CodeIgniter\Database\BaseBuilder->insert()
#5 C:\laragon\www\Moreno_3f3ecommerce\system\BaseModel.php(788): CodeIgniter\Model->doInsert(Array)
#6 C:\laragon\www\Moreno_3f3ecommerce\system\Model.php(715): CodeIgniter\BaseModel->insert(Array, true)
#7 C:\laragon\www\Moreno_3f3ecommerce\app\Controllers\AdminsController.php(54): CodeIgniter\Model->insert(Array)
#8 C:\laragon\www\Moreno_3f3ecommerce\system\CodeIgniter.php(919): App\Controllers\AdminsController->insertProduct()
#9 C:\laragon\www\Moreno_3f3ecommerce\system\CodeIgniter.php(494): CodeIgniter\CodeIgniter->runController(Object(App\Controllers\AdminsController))
#10 C:\laragon\www\Moreno_3f3ecommerce\system\CodeIgniter.php(353): CodeIgniter\CodeIgniter->handleRequest(NULL, Object(Config\Cache), false)
#11 C:\laragon\www\Moreno_3f3ecommerce\public\index.php(79): CodeIgniter\CodeIgniter->run()
#12 C:\laragon\www\Moreno_3f3ecommerce\system\Commands\Server\rewrite.php(47): require_once('C:\\laragon\\www\\...')
#13 {main}
CRITICAL - 2023-09-28 15:55:11 --> Cannot add or update a child row: a foreign key constraint fails (`ecommerce_db`.`products`, CONSTRAINT `products_ibfk_1` FOREIGN KEY (`category_id`) REFERENCES `categories` (`category_id`))
in SYSTEMPATH\Database\BaseConnection.php on line 646.
 1 SYSTEMPATH\Database\BaseBuilder.php(2308): CodeIgniter\Database\BaseConnection->query('INSERT INTO `products` (`product_name`, `category_id`, `gender`, `price`, `description`, `stock_quantity`, `image_url`) VALUES (:product_name:, :category_id:, :gender:, :price:, :description:, :stock_quantity:, :image_url:)', [...], false)
 2 SYSTEMPATH\Model.php(319): CodeIgniter\Database\BaseBuilder->insert()
 3 SYSTEMPATH\BaseModel.php(788): CodeIgniter\Model->doInsert([...])
 4 SYSTEMPATH\Model.php(715): CodeIgniter\BaseModel->insert([...], true)
 5 APPPATH\Controllers\AdminsController.php(54): CodeIgniter\Model->insert([...])
 6 SYSTEMPATH\CodeIgniter.php(919): App\Controllers\AdminsController->insertProduct()
 7 SYSTEMPATH\CodeIgniter.php(494): CodeIgniter\CodeIgniter->runController(Object(App\Controllers\AdminsController))
 8 SYSTEMPATH\CodeIgniter.php(353): CodeIgniter\CodeIgniter->handleRequest(null, Object(Config\Cache), false)
 9 FCPATH\index.php(79): CodeIgniter\CodeIgniter->run()
10 SYSTEMPATH\Commands\Server\rewrite.php(47): require_once('C:\\laragon\\www\\Moreno_3f3ecommerce\\public\\index.php')
CRITICAL - 2023-09-28 16:01:07 --> Undefined variable $c_model
in APPPATH\Controllers\AdminsController.php on line 55.
 1 APPPATH\Controllers\AdminsController.php(55): CodeIgniter\Debug\Exceptions->errorHandler(2, 'Undefined variable $c_model', 'C:\\laragon\\www\\Moreno_3f3ecommerce\\app\\Controllers\\AdminsController.php', 55)
 2 SYSTEMPATH\CodeIgniter.php(919): App\Controllers\AdminsController->insertProduct()
 3 SYSTEMPATH\CodeIgniter.php(494): CodeIgniter\CodeIgniter->runController(Object(App\Controllers\AdminsController))
 4 SYSTEMPATH\CodeIgniter.php(353): CodeIgniter\CodeIgniter->handleRequest(null, Object(Config\Cache), false)
 5 FCPATH\index.php(79): CodeIgniter\CodeIgniter->run()
 6 SYSTEMPATH\Commands\Server\rewrite.php(47): require_once('C:\\laragon\\www\\Moreno_3f3ecommerce\\public\\index.php')
CRITICAL - 2023-09-28 16:02:25 --> Undefined variable $c_model
in APPPATH\Controllers\AdminsController.php on line 59.
 1 APPPATH\Controllers\AdminsController.php(59): CodeIgniter\Debug\Exceptions->errorHandler(2, 'Undefined variable $c_model', 'C:\\laragon\\www\\Moreno_3f3ecommerce\\app\\Controllers\\AdminsController.php', 59)
 2 SYSTEMPATH\CodeIgniter.php(919): App\Controllers\AdminsController->insertProduct()
 3 SYSTEMPATH\CodeIgniter.php(494): CodeIgniter\CodeIgniter->runController(Object(App\Controllers\AdminsController))
 4 SYSTEMPATH\CodeIgniter.php(353): CodeIgniter\CodeIgniter->handleRequest(null, Object(Config\Cache), false)
 5 FCPATH\index.php(79): CodeIgniter\CodeIgniter->run()
 6 SYSTEMPATH\Commands\Server\rewrite.php(47): require_once('C:\\laragon\\www\\Moreno_3f3ecommerce\\public\\index.php')
CRITICAL - 2023-09-28 16:03:08 --> Undefined variable $c_model
in APPPATH\Controllers\AdminsController.php on line 59.
 1 APPPATH\Controllers\AdminsController.php(59): CodeIgniter\Debug\Exceptions->errorHandler(2, 'Undefined variable $c_model', 'C:\\laragon\\www\\Moreno_3f3ecommerce\\app\\Controllers\\AdminsController.php', 59)
 2 SYSTEMPATH\CodeIgniter.php(919): App\Controllers\AdminsController->insertProduct()
 3 SYSTEMPATH\CodeIgniter.php(494): CodeIgniter\CodeIgniter->runController(Object(App\Controllers\AdminsController))
 4 SYSTEMPATH\CodeIgniter.php(353): CodeIgniter\CodeIgniter->handleRequest(null, Object(Config\Cache), false)
 5 FCPATH\index.php(79): CodeIgniter\CodeIgniter->run()
 6 SYSTEMPATH\Commands\Server\rewrite.php(47): require_once('C:\\laragon\\www\\Moreno_3f3ecommerce\\public\\index.php')
